2025-11-03 01:12:27 INFO  o.a.c.c.C.[Tomcat].[localhost].[/] - Initializing Spring DispatcherServlet 'dispatcherServlet'
2025-11-03 01:12:27 INFO  o.s.web.servlet.DispatcherServlet - Initializing Servlet 'dispatcherServlet'
2025-11-03 01:12:27 INFO  o.s.web.servlet.DispatcherServlet - Completed initialization in 4 ms
2025-11-03 01:12:27 DEBUG a.e.u.f.pawmart.services.UserService - Getting all users...
2025-11-03 01:12:27 INFO  a.e.u.f.pawmart.services.UserService - Total users: 5
2025-11-03 01:13:48 DEBUG a.e.u.f.pawmart.services.UserService - Getting all users...
2025-11-03 01:13:48 INFO  a.e.u.f.pawmart.services.UserService - Total users: 5
2025-11-03 01:14:06 INFO  a.e.u.f.pawmart.services.UserService - Getting user by UUID=ad51e660-3350-4044-9f96-e630bca2c742
2025-11-03 01:14:06 INFO  a.e.u.f.pawmart.services.UserService - User found successfully
2025-11-03 01:14:44 INFO  o.s.b.d.a.LocalDevToolsAutoConfiguration$RestartingClassPathChangeChangedEventListener - Restarting due to 3 class path changes (0 additions, 0 deletions, 3 modifications)
2025-11-03 01:14:44 INFO  o.s.b.w.e.tomcat.GracefulShutdown - Commencing graceful shutdown. Waiting for active requests to complete
2025-11-03 01:14:44 INFO  o.a.coyote.http11.Http11NioProtocol - Pausing ProtocolHandler ["http-nio-8080"]
2025-11-03 01:14:44 INFO  o.s.b.w.e.tomcat.GracefulShutdown - Graceful shutdown complete
2025-11-03 01:14:44 INFO  o.a.coyote.http11.Http11NioProtocol - Stopping ProtocolHandler ["http-nio-8080"]
2025-11-03 01:14:44 INFO  o.s.o.j.LocalContainerEntityManagerFactoryBean - Closing JPA EntityManagerFactory for persistence unit 'default'
2025-11-03 01:14:44 INFO  com.zaxxer.hikari.HikariDataSource - HikariPool-1 - Shutdown initiated...
2025-11-03 01:14:44 INFO  com.zaxxer.hikari.HikariDataSource - HikariPool-1 - Shutdown completed.
2025-11-03 01:14:44 INFO  ar.edu.unju.fi.pawmart.Application - Starting Application using Java 17.0.12 with PID 12564 (C:\Users\aleja\Downloads\pawmart\target\classes started by ale in C:\Users\aleja\Downloads\pawmart)
2025-11-03 01:14:44 DEBUG ar.edu.unju.fi.pawmart.Application - Running with Spring Boot v3.5.7, Spring v6.2.12
2025-11-03 01:14:44 INFO  ar.edu.unju.fi.pawmart.Application - No active profile set, falling back to 1 default profile: "default"
2025-11-03 01:14:44 INFO  o.s.d.r.c.RepositoryConfigurationDelegate - Bootstrapping Spring Data JPA repositories in DEFAULT mode.
2025-11-03 01:14:44 INFO  o.s.d.r.c.RepositoryConfigurationDelegate - Finished Spring Data repository scanning in 10 ms. Found 2 JPA repository interfaces.
2025-11-03 01:14:44 INFO  o.s.b.w.e.tomcat.TomcatWebServer - Tomcat initialized with port 8080 (http)
2025-11-03 01:14:44 INFO  o.a.coyote.http11.Http11NioProtocol - Initializing ProtocolHandler ["http-nio-8080"]
2025-11-03 01:14:44 INFO  o.a.catalina.core.StandardService - Starting service [Tomcat]
2025-11-03 01:14:44 INFO  o.a.catalina.core.StandardEngine - Starting Servlet engine: [Apache Tomcat/10.1.48]
2025-11-03 01:14:44 INFO  o.a.c.c.C.[Tomcat].[localhost].[/] - Initializing Spring embedded WebApplicationContext
2025-11-03 01:14:44 INFO  o.s.b.w.s.c.ServletWebServerApplicationContext - Root WebApplicationContext: initialization completed in 247 ms
2025-11-03 01:14:44 INFO  o.h.jpa.internal.util.LogHelper - HHH000204: Processing PersistenceUnitInfo [name: default]
2025-11-03 01:14:44 INFO  o.h.c.i.RegionFactoryInitiator - HHH000026: Second-level cache disabled
2025-11-03 01:14:44 INFO  o.s.o.j.p.SpringPersistenceUnitInfo - No LoadTimeWeaver setup: ignoring JPA class transformer
2025-11-03 01:14:44 INFO  com.zaxxer.hikari.HikariDataSource - HikariPool-2 - Starting...
2025-11-03 01:14:44 INFO  com.zaxxer.hikari.pool.HikariPool - HikariPool-2 - Added connection com.mysql.cj.jdbc.ConnectionImpl@2a658d4f
2025-11-03 01:14:44 INFO  com.zaxxer.hikari.HikariDataSource - HikariPool-2 - Start completed.
2025-11-03 01:14:44 WARN  org.hibernate.orm.deprecation - HHH90000025: MySQLDialect does not need to be specified explicitly using 'hibernate.dialect' (remove the property setting and it will be selected by default)
2025-11-03 01:14:44 INFO  o.hibernate.orm.connections.pooling - HHH10001005: Database info:
	Database JDBC URL [Connecting through datasource 'HikariDataSource (HikariPool-2)']
	Database driver: undefined/unknown
	Database version: 8.0.42
	Autocommit mode: undefined/unknown
	Isolation level: undefined/unknown
	Minimum pool size: undefined/unknown
	Maximum pool size: undefined/unknown
2025-11-03 01:14:44 INFO  o.h.e.t.j.p.i.JtaPlatformInitiator - HHH000489: No JTA platform available (set 'hibernate.transaction.jta.platform' to enable JTA platform integration)
2025-11-03 01:14:44 INFO  o.s.o.j.LocalContainerEntityManagerFactoryBean - Initialized JPA EntityManagerFactory for persistence unit 'default'
2025-11-03 01:14:45 INFO  o.s.b.d.a.OptionalLiveReloadServer - LiveReload server is running on port 35729
2025-11-03 01:14:45 INFO  o.a.coyote.http11.Http11NioProtocol - Starting ProtocolHandler ["http-nio-8080"]
2025-11-03 01:14:45 INFO  o.s.b.w.e.tomcat.TomcatWebServer - Tomcat started on port 8080 (http) with context path '/'
2025-11-03 01:14:45 INFO  ar.edu.unju.fi.pawmart.Application - Started Application in 0.599 seconds (process running for 25129.371)
2025-11-03 01:14:45 INFO  o.s.b.d.a.ConditionEvaluationDeltaLoggingListener - Condition evaluation unchanged
2025-11-03 01:14:50 INFO  o.a.c.c.C.[Tomcat].[localhost].[/] - Initializing Spring DispatcherServlet 'dispatcherServlet'
2025-11-03 01:14:50 INFO  o.s.web.servlet.DispatcherServlet - Initializing Servlet 'dispatcherServlet'
2025-11-03 01:14:50 INFO  o.s.web.servlet.DispatcherServlet - Completed initialization in 0 ms
2025-11-03 01:14:50 DEBUG a.e.u.f.pawmart.services.UserService - Getting all users...
2025-11-03 01:14:50 INFO  a.e.u.f.pawmart.services.UserService - Total users: 5
2025-11-03 01:53:18 DEBUG a.e.u.f.pawmart.services.UserService - Getting all users...
2025-11-03 01:53:18 INFO  a.e.u.f.pawmart.services.UserService - Total users: 5
2025-11-03 01:55:38 INFO  o.s.b.a.SpringApplicationAdminMXBeanRegistrar$SpringApplicationAdmin - Application shutdown requested.
2025-11-03 01:55:38 INFO  o.s.b.w.e.tomcat.GracefulShutdown - Commencing graceful shutdown. Waiting for active requests to complete
2025-11-03 01:55:38 INFO  o.a.coyote.http11.Http11NioProtocol - Pausing ProtocolHandler ["http-nio-8080"]
2025-11-03 01:55:38 INFO  o.s.b.w.e.tomcat.GracefulShutdown - Graceful shutdown complete
2025-11-03 01:55:38 INFO  o.a.coyote.http11.Http11NioProtocol - Stopping ProtocolHandler ["http-nio-8080"]
2025-11-03 01:55:38 INFO  o.s.o.j.LocalContainerEntityManagerFactoryBean - Closing JPA EntityManagerFactory for persistence unit 'default'
2025-11-03 01:55:38 INFO  com.zaxxer.hikari.HikariDataSource - HikariPool-2 - Shutdown initiated...
2025-11-03 01:55:38 INFO  com.zaxxer.hikari.HikariDataSource - HikariPool-2 - Shutdown completed.
